[38;5;112m[Appium][0m Welcome to Appium v2.19.0
[38;5;112m[Appium][0m Non-default server args:
[38;5;112m[Appium][0m { basePath: [32m'/wd/hub'[39m, loglevel: [32m'info'[39m, port: [33m50906[39m }
[38;5;112m[Appium][0m Attempting to load driver uiautomator2...
[38;5;112m[Appium][0m Appium REST http interface listener started on http://0.0.0.0:50906/wd/hub
[38;5;112m[Appium][0m You can provide the following URLs in your client code to connect to this server:
	http://192.168.20.24:50906/wd/hub
	http://127.0.0.1:50906/wd/hub (only accessible from the same host)
[38;5;112m[Appium][0m Available drivers:
[38;5;112m[Appium][0m   - uiautomator2@4.2.3 (automationName 'UiAutomator2')
[38;5;112m[Appium][0m No plugins have been installed. Use the "appium plugin" command to install the one(s) you want to use.
[38;5;86m[HTTP][0m [37m-->[39m [37mGET[39m [37m/wd/hub/status[39m [90m{}[39m
[38;5;86m[HTTP][0m [37m<-- GET /wd/hub/status [39m[32m200[39m [90m19 ms - 111[39m [90m[39m
[38;5;86m[HTTP][0m [37m-->[39m [37mGET[39m [37m/wd/hub/status[39m [90m{}[39m
[38;5;86m[HTTP][0m [37m<-- GET /wd/hub/status [39m[32m200[39m [90m4 ms - 111[39m [90m[39m
[38;5;86m[HTTP][0m [37m-->[39m [37mPOST[39m [37m/wd/hub/session[39m [90m{"capabilities":{"firstMatch":[{"appium:autoGrantPermissions":true,"appium:automationName":"uiautomator2","appium:deviceName":"samsung SM-A305F (Android 11)","appium:newCommandTimeout":1800,"appium:platformVersion":"11","appium:systemPort":8296,"appium:udid":"RR8M309V03X","platformName":"ANDROID"}]},"desiredCapabilities":{"appium:autoGrantPermissions":true,"appium:automationName":"uiautomator2","appium:deviceName":"samsung SM-A305F (Android 11)","appium:newCommandTimeout":1800,"appium:platformVersion":"11","appium:systemPort":8296,"appium:udid":"RR8M309V03X","platformName":"ANDROID"}}[39m
[38;5;112m[Appium][0m Attempting to find matching driver for automationName 'uiautomator2' and platformName 'ANDROID'
[38;5;112m[Appium][0m The 'uiautomator2' driver was installed and matched caps.
[38;5;112m[Appium][0m Will require it at C:\Users\ACER\.appium\node_modules\appium-uiautomator2-driver
[38;5;158m[AppiumDriver@0378][0m Appium v2.19.0 creating new AndroidUiautomator2Driver (v4.2.3) session
[38;5;158m[AppiumDriver@0378][0m Checking BaseDriver versions for Appium and AndroidUiautomator2Driver
[38;5;158m[AppiumDriver@0378][0m Appium's BaseDriver version is 9.18.0
[38;5;158m[AppiumDriver@0378][0m AndroidUiautomator2Driver's BaseDriver version is 9.18.0
[38;5;101m[26bb10db][0m[38;5;-122m[AndroidUiautomator2Driver@d982][0m Session created with session id: 26bb10db-f79b-4518-9704-5c49ad933750
[38;5;101m[26bb10db][0m[38;5;229m[ADB][0m Found 3 'build-tools' folders under 'C:\Users\ACER\AppData\Local\Android\Sdk' (newest first):
[38;5;101m[26bb10db][0m[38;5;229m[ADB][0m     C:\Users\ACER\AppData\Local\Android\Sdk\build-tools\36.0.0
[38;5;101m[26bb10db][0m[38;5;229m[ADB][0m     C:\Users\ACER\AppData\Local\Android\Sdk\build-tools\35.0.0
[38;5;101m[26bb10db][0m[38;5;229m[ADB][0m     C:\Users\ACER\AppData\Local\Android\Sdk\build-tools\34.0.0
[38;5;101m[26bb10db][0m[38;5;229m[ADB][0m Using 'adb.exe' from 'C:\Users\ACER\AppData\Local\Android\Sdk\platform-tools\adb.exe'
[38;5;101m[26bb10db][0m[38;5;-122m[AndroidUiautomator2Driver@d982][0m Retrieving device list
[38;5;101m[26bb10db][0m[38;5;-122m[AndroidUiautomator2Driver@d982][0m Using device: RR8M309V03X
[38;5;101m[26bb10db][0m[38;5;229m[ADB][0m Using 'adb.exe' from 'C:\Users\ACER\AppData\Local\Android\Sdk\platform-tools\adb.exe'
[38;5;101m[26bb10db][0m[38;5;-122m[AndroidUiautomator2Driver@d982][0m Neither 'app' nor 'appPackage' was set. Starting UiAutomator2 without the target application
[38;5;101m[26bb10db][0m[38;5;229m[ADB][0m Getting device platform version
[38;5;101m[26bb10db][0m[38;5;-122m[AndroidUiautomator2Driver@d982][0m Relaxing hidden api policy
[38;5;101m[26bb10db][0m[38;5;229m[ADB][0m Using 'aapt2.exe' from 'C:\Users\ACER\AppData\Local\Android\Sdk\build-tools\36.0.0\aapt2.exe'
[38;5;101m[26bb10db][0m[38;5;-122m[AndroidUiautomator2Driver@d982][0m Server packages are not going to be (re)installed
[38;5;101m[26bb10db][0m[38;5;229m[ADB][0m Adding packages ["io.appium.settings","io.appium.uiautomator2.server","io.appium.uiautomator2.server.test"] to Doze whitelist
[38;5;101m[26bb10db][0m[38;5;-122m[AndroidUiautomator2Driver@d982][0m Starting UIAutomator2 server 7.5.2
[38;5;101m[26bb10db][0m[38;5;-122m[AndroidUiautomator2Driver@d982][0m Using UIAutomator2 server from 'C:\Users\ACER\.appium\node_modules\appium-uiautomator2-driver\node_modules\appium-uiautomator2-server\apks\appium-uiautomator2-server-v7.5.2.apk' and test from 'C:\Users\ACER\.appium\node_modules\appium-uiautomator2-driver\node_modules\appium-uiautomator2-server\apks\appium-uiautomator2-server-debug-androidTest.apk'
[38;5;101m[26bb10db][0m[38;5;-122m[AndroidUiautomator2Driver@d982][0m Waiting up to 30000ms for UiAutomator2 to be online...
[38;5;101m[26bb10db][0m[38;5;-122m[AndroidUiautomator2Driver@d982][0m socket hang up
[38;5;101m[26bb10db][0m[38;5;-122m[AndroidUiautomator2Driver@d982][0m socket hang up
[38;5;101m[26bb10db][0m[38;5;-122m[AndroidUiautomator2Driver@d982][0m Determined the downstream protocol as 'W3C'
[38;5;101m[26bb10db][0m[38;5;-122m[AndroidUiautomator2Driver@d982][0m Screen already unlocked, doing nothing
[38;5;101m[26bb10db][0m[38;5;158m[AppiumDriver@0378][0m New AndroidUiautomator2Driver session created successfully, session 26bb10db-f79b-4518-9704-5c49ad933750 added to master session list
[38;5;101m[26bb10db][0m[38;5;86m[HTTP][0m [37m<-- POST /wd/hub/session [39m[32m200[39m [90m4431 ms - 963[39m [90m[39m
[38;5;86m[HTTP][0m [37m-->[39m [37mGET[39m [37m/status[39m [90m{}[39m
[38;5;86m[HTTP][0m [37m<-- GET /status [39m[33m404[39m [90m14 ms - 211[39m [90m[39m
[38;5;101m[26bb10db][0m[38;5;86m[HTTP][0m [37m-->[39m [37mPOST[39m [37m/wd/hub/session/26bb10db-f79b-4518-9704-5c49ad933750/timeouts[39m [90m{"implicit":60000}[39m
[38;5;101m[26bb10db][0m[38;5;86m[HTTP][0m [37m<-- POST /wd/hub/session/26bb10db-f79b-4518-9704-5c49ad933750/timeouts [39m[32m200[39m [90m5 ms - 14[39m [90m[39m
[38;5;101m[26bb10db][0m[38;5;86m[HTTP][0m [37m-->[39m [37mPOST[39m [37m/wd/hub/session/26bb10db-f79b-4518-9704-5c49ad933750/execute/sync[39m [90m{"args":[],"script":"mobile: getSystemBars"}[39m
[38;5;101m[26bb10db][0m[38;5;86m[HTTP][0m [37m<-- POST /wd/hub/session/26bb10db-f79b-4518-9704-5c49ad933750/execute/sync [39m[32m200[39m [90m199 ms - 151[39m [90m[39m
[38;5;101m[26bb10db][0m[38;5;86m[HTTP][0m [37m-->[39m [37mPOST[39m [37m/wd/hub/session/26bb10db-f79b-4518-9704-5c49ad933750/execute/sync[39m [90m{"args":[{"appId":"id.co.brins.brinesia.anjani","bundleId":"id.co.brins.brinesia.anjani"}],"script":"mobile: activateApp"}[39m
[38;5;101m[26bb10db][0m[38;5;123m[BaseDriver][0m The following script arguments are not known and will be ignored: bundleId
[38;5;101m[26bb10db][0m[38;5;86m[HTTP][0m [37m<-- POST /wd/hub/session/26bb10db-f79b-4518-9704-5c49ad933750/execute/sync [39m[32m200[39m [90m250 ms - 14[39m [90m[39m
[38;5;101m[26bb10db][0m[38;5;86m[HTTP][0m [37m-->[39m [37mGET[39m [37m/wd/hub/session/26bb10db-f79b-4518-9704-5c49ad933750/source[39m [90m{}[39m
[38;5;101m[26bb10db][0m[38;5;-122m[AndroidUiautomator2Driver@d982][0m Driver proxy active, passing request on via HTTP proxy
[38;5;101m[26bb10db][0m[38;5;-122m[AndroidUiautomator2Driver@d982][0m Replacing sessionId 41f3b972-271d-47b4-b22b-b364ff341965 with 26bb10db-f79b-4518-9704-5c49ad933750
[38;5;101m[26bb10db][0m[38;5;86m[HTTP][0m [37m<-- GET /wd/hub/session/26bb10db-f79b-4518-9704-5c49ad933750/source [39m[32m200[39m [90m381 ms - 79659[39m [90m[39m
[38;5;101m[26bb10db][0m[38;5;86m[HTTP][0m [37m-->[39m [37mGET[39m [37m/wd/hub/session/26bb10db-f79b-4518-9704-5c49ad933750/screenshot[39m [90m{}[39m
[38;5;101m[26bb10db][0m[38;5;86m[HTTP][0m [37m<-- GET /wd/hub/session/26bb10db-f79b-4518-9704-5c49ad933750/screenshot [39m[32m200[39m [90m754 ms - 403412[39m [90m[39m
[38;5;101m[26bb10db][0m[38;5;-122m[AndroidUiautomator2Driver@d982][0m Shutting down because we waited 1800 seconds for a command
[38;5;101m[26bb10db][0m[38;5;158m[AppiumDriver@0378][0m Ending session, cause was 'New Command Timeout of 1800 seconds expired. Try customizing the timeout using the 'newCommandTimeout' desired capability'
[38;5;101m[26bb10db][0m[38;5;158m[AppiumDriver@0378][0m Removing session '26bb10db-f79b-4518-9704-5c49ad933750' from our master session list
[38;5;101m[26bb10db][0m[38;5;-122m[AndroidUiautomator2Driver@d982][0m Did not get the confirmation of UiAutomator2 server session deletion. Original error: An unknown server-side error occurred while processing the command. Original error: 'DELETE /' cannot be proxied to UiAutomator2 server because the instrumentation process is not running (probably crashed). Check the server log and/or the logcat output for more details
[38;5;101m[26bb10db][0m[38;5;-122m[AndroidUiautomator2Driver@d982][0m Restoring hidden api policy to the device default configuration
[38;5;101m[26bb10db][0m[38;5;86m[HTTP][0m [37m-->[39m [37mDELETE[39m [37m/wd/hub/session/26bb10db-f79b-4518-9704-5c49ad933750[39m [90m{}[39m
[38;5;101m[26bb10db][0m[38;5;86m[HTTP][0m [37m<-- DELETE /wd/hub/session/26bb10db-f79b-4518-9704-5c49ad933750 [39m[33m404[39m [90m75 ms - 3069[39m [90m[39m
